<?xml version="1.0" encoding="UTF-8"?>
<!-- Generated by org.testng.reporters.JUnitReportReporter -->
<testsuite hostname="AkshayP" failures="0" tests="5" name="smsc_demo.ETE_FLOW" time="192.588" errors="0" timestamp="2024-02-08T15:00:17 IST" skipped="0">
  <testcase classname="smsc_demo.ETE_FLOW" name="client_deletion" time="29.304"/>
  <testcase classname="smsc_demo.ETE_FLOW" name="client_creation" time="54.065"/>
  <testcase classname="smsc_demo.ETE_FLOW" name="client_activation" time="37.324"/>
  <testcase classname="smsc_demo.ETE_FLOW" name="SMS_sending_mobilenumber" time="39.866"/>
  <testcase classname="smsc_demo.ETE_FLOW" name="tracker" time="32.029"/>
</testsuite> <!-- smsc_demo.ETE_FLOW -->
