<?xml version="1.0" encoding="UTF-8"?>
<!-- Generated by org.testng.reporters.JUnitReportReporter -->
<testsuite hostname="AkshayP" failures="0" tests="1" name="SMSC.barring_all" time="60.347" errors="0" timestamp="2024-02-06T18:10:56 IST" skipped="0">
  <testcase classname="SMSC.barring_all" name="barringpage_system_vmsc" time="60.347"/>
</testsuite> <!-- SMSC.barring_all -->
