<?xml version="1.0" encoding="UTF-8"?>
<!-- Generated by org.testng.reporters.JUnitReportReporter -->
<testsuite hostname="AkshayP" failures="0" tests="1" name="SMSC.smsccreation" time="14.114" errors="0" timestamp="2023-12-20T12:20:31 IST" skipped="0">
  <testcase classname="SMSC.smsccreation" name="client_creation" time="14.114"/>
</testsuite> <!-- SMSC.smsccreation -->
