<?xml version="1.0" encoding="UTF-8"?>
<!-- Generated by org.testng.reporters.JUnitReportReporter -->
<testsuite hostname="AkshayP" failures="0" tests="2" name="bmp_react.akshay" time="9.798" errors="0" timestamp="2025-02-06T16:33:10 IST" skipped="1">
  <testcase classname="bmp_react.akshay" name="clientdeletion" time="9.798"/>
  <testcase classname="bmp_react.akshay" name="clientcreate">
    <skipped/>
  </testcase> <!-- clientcreate -->
</testsuite> <!-- bmp_react.akshay -->
