<?xml version="1.0" encoding="UTF-8"?>
<!-- Generated by org.testng.reporters.JUnitReportReporter -->
<testsuite hostname="AkshayP" failures="0" tests="1" name="wmc.promodelete" time="13.287" errors="0" timestamp="2025-04-02T15:39:15 IST" skipped="0">
  <testcase classname="wmc.promodelete" name="idid" time="13.287"/>
</testsuite> <!-- wmc.promodelete -->
