<?xml version="1.0" encoding="UTF-8"?>
<!-- Generated by org.testng.reporters.JUnitReportReporter -->
<testsuite hostname="AkshayP" failures="0" tests="1" name="mfslyca.dede" time="27.207" errors="0" timestamp="2025-03-25T14:24:37 IST" skipped="0">
  <testcase classname="mfslyca.dede" name="didid" time="27.207"/>
</testsuite> <!-- mfslyca.dede -->
