<?xml version="1.0" encoding="UTF-8"?>
<!-- Generated by org.testng.reporters.JUnitReportReporter -->
<testsuite hostname="AkshayP" failures="0" tests="1" name="kyc.FreeNumber" time="13.491" errors="0" timestamp="2025-02-27T15:11:19 IST" skipped="0">
  <testcase classname="kyc.FreeNumber" name="FreeMsisdn" time="13.491"/>
</testsuite> <!-- kyc.FreeNumber -->
