<?xml version="1.0" encoding="UTF-8"?>
<!-- Generated by org.testng.reporters.JUnitReportReporter -->
<testsuite hostname="AkshayP" failures="0" tests="2" name="wmc.dealer" time="28.342" errors="0" timestamp="2024-11-14T15:37:00 IST" skipped="1">
  <testcase classname="wmc.dealer" name="dealer_creation" time="28.342"/>
  <testcase classname="wmc.dealer" name="corporate_dealer_creation">
    <skipped/>
  </testcase> <!-- corporate_dealer_creation -->
</testsuite> <!-- wmc.dealer -->
