<?xml version="1.0" encoding="UTF-8"?>
<!-- Generated by org.testng.reporters.JUnitReportReporter -->
<testsuite hostname="AkshayP" failures="0" tests="1" name="smsc_demo.admin_config" time="99.568" errors="0" timestamp="2024-02-16T12:32:11 IST" skipped="0">
  <testcase classname="smsc_demo.admin_config" name="translationpage_application" time="99.568"/>
</testsuite> <!-- smsc_demo.admin_config -->
