<?xml version="1.0" encoding="UTF-8"?>
<!-- Generated by org.testng.reporters.JUnitReportReporter -->
<testsuite hostname="AkshayP" failures="0" tests="1" name="wussd.simulate" time="4.573" errors="0" timestamp="2024-10-22T15:46:56 IST" skipped="0">
  <testcase classname="wussd.simulate" name="prov_menu" time="4.573"/>
</testsuite> <!-- wussd.simulate -->
