<?xml version="1.0" encoding="UTF-8"?>
<!-- Generated by org.testng.reporters.JUnitReportReporter -->
<testsuite hostname="AkshayP" failures="0" tests="3" name="SMSC.Charging_Addition_Systemwise_destination" time="52.774" errors="0" timestamp="2025-01-21T15:16:05 IST" skipped="0">
  <testcase classname="SMSC.Charging_Addition_Systemwise_destination" name="loginTest" time="8.289"/>
  <testcase classname="SMSC.Charging_Addition_Systemwise_destination" name="modifyCharging" time="20.242"/>
  <testcase classname="SMSC.Charging_Addition_Systemwise_destination" name="addCharging" time="24.243"/>
</testsuite> <!-- SMSC.Charging_Addition_Systemwise_destination -->
