<?xml version="1.0" encoding="UTF-8"?>
<!-- Generated by org.testng.reporters.JUnitReportReporter -->
<testsuite hostname="AkshayP" failures="0" tests="3" name="SMSC.chargingsmsc" time="51.163" errors="0" timestamp="2024-12-12T16:57:06 IST" skipped="0">
  <testcase classname="SMSC.chargingsmsc" name="loginTest" time="8.211"/>
  <testcase classname="SMSC.chargingsmsc" name="Charging_Deletion_Systemwise_source" time="20.540"/>
  <testcase classname="SMSC.chargingsmsc" name="Charging_Addition_Systemwise_source" time="22.412"/>
</testsuite> <!-- SMSC.chargingsmsc -->
