<?xml version="1.0" encoding="UTF-8"?>
<!-- Generated by org.testng.reporters.JUnitReportReporter -->
<testsuite hostname="AkshayP" failures="0" tests="1" name="wmc.promocreation_bt" time="12.930" errors="0" timestamp="2025-03-28T14:31:36 IST" skipped="0">
  <testcase classname="wmc.promocreation_bt" name="idid" time="12.930"/>
</testsuite> <!-- wmc.promocreation_bt -->
