<?xml version="1.0" encoding="UTF-8"?>
<!-- Generated by org.testng.reporters.JUnitReportReporter -->
<testsuite hostname="AkshayP" failures="0" tests="2" name="SMSC.smscnew" time="31.312" errors="0" timestamp="2024-09-16T12:16:02 IST" skipped="0">
  <testcase classname="SMSC.smscnew" name="deleting_existing_client" time="13.265"/>
  <testcase classname="SMSC.smscnew" name="creating_an_client" time="18.047"/>
</testsuite> <!-- SMSC.smscnew -->
