<?xml version="1.0" encoding="UTF-8"?>
<!-- Generated by org.testng.reporters.JUnitReportReporter -->
<testsuite hostname="AkshayP" failures="0" tests="1" name="wmc.promocreate" time="41.065" errors="0" timestamp="2025-04-02T15:41:34 IST" skipped="0">
  <testcase classname="wmc.promocreate" name="idid" time="41.065"/>
</testsuite> <!-- wmc.promocreate -->
