<?xml version="1.0" encoding="UTF-8"?>
<!-- Generated by org.testng.reporters.JUnitReportReporter -->
<testsuite hostname="AkshayP" failures="0" tests="1" name="SMSC.client_activation" time="18.232" errors="0" timestamp="2023-12-29T12:16:13 IST" skipped="0">
  <testcase classname="SMSC.client_activation" name="retrylink" time="18.232"/>
</testsuite> <!-- SMSC.client_activation -->
