<?xml version="1.0" encoding="UTF-8"?>
<!-- Generated by org.testng.reporters.JUnitReportReporter -->
<testsuite hostname="AkshayP" failures="0" tests="1" name="SMSC.smsc_automation" time="52.087" errors="0" timestamp="2024-01-03T13:00:35 IST" skipped="0">
  <testcase classname="SMSC.smsc_automation" name="client_creation" time="52.087"/>
</testsuite> <!-- SMSC.smsc_automation -->
