<?xml version="1.0" encoding="UTF-8"?>
<!-- Generated by org.testng.reporters.JUnitReportReporter -->
<testsuite hostname="AkshayP" failures="0" tests="1" name="ssfc.ssfc_api_check" time="0.086" errors="0" timestamp="2024-10-21T12:06:55 IST" skipped="0">
  <testcase classname="ssfc.ssfc_api_check" name="callApiAndCheckResponse" time="0.086"/>
</testsuite> <!-- ssfc.ssfc_api_check -->
