<?xml version="1.0" encoding="UTF-8"?>
<!-- Generated by org.testng.reporters.JUnitReportReporter -->
<testsuite hostname="AkshayP" failures="0" tests="2" name="ssfc.mail" time="1.255" errors="0" timestamp="2025-01-10T16:45:25 IST" skipped="0">
  <testcase classname="ssfc.mail" name="testcase" time="0.006"/>
  <testcase classname="ssfc.mail" name="Fraud_MTspam" time="1.249"/>
</testsuite> <!-- ssfc.mail -->
