<?xml version="1.0" encoding="UTF-8"?>
<!-- Generated by org.testng.reporters.JUnitReportReporter -->
<testsuite hostname="AkshayP" failures="0" tests="1" name="mfslyca.dealercreation" time="26.195" errors="0" timestamp="2025-04-02T10:03:14 IST" skipped="0">
  <testcase classname="mfslyca.dealercreation" name="didid" time="26.195"/>
</testsuite> <!-- mfslyca.dealercreation -->
