<?xml version="1.0" encoding="UTF-8"?>
<!-- Generated by org.testng.reporters.JUnitReportReporter -->
<testsuite hostname="AkshayP" failures="0" tests="1" name="wmc.gsgsygsy" time="10.343" errors="0" timestamp="2025-03-27T18:03:36 IST" skipped="0">
  <testcase classname="wmc.gsgsygsy" name="idid" time="10.343"/>
</testsuite> <!-- wmc.gsgsygsy -->
