<?xml version="1.0" encoding="UTF-8"?>
<!-- Generated by org.testng.reporters.JUnitReportReporter -->
<testsuite hostname="AkshayP" failures="0" tests="1" name="SMSC.BMP_portal_SMS_PAGE" time="21.837" errors="0" timestamp="2024-01-05T17:40:24 IST" skipped="0">
  <testcase classname="SMSC.BMP_portal_SMS_PAGE" name="SMS_sending_unicodeformat_mobile" time="21.837"/>
</testsuite> <!-- SMSC.BMP_portal_SMS_PAGE -->
