<?xml version="1.0" encoding="UTF-8"?>
<!-- Generated by org.testng.reporters.JUnitReportReporter -->
<testsuite hostname="AkshayP" failures="0" tests="2" name="kyc.dbdbd" time="112.057" errors="0" timestamp="2024-09-23T11:47:16 IST" skipped="0">
  <testcase classname="kyc.dbdbd" name="Dbconnect" time="0.773"/>
  <testcase classname="kyc.dbdbd" name="KYCFORM" time="111.284"/>
</testsuite> <!-- kyc.dbdbd -->
