<?xml version="1.0" encoding="UTF-8"?>
<!-- Generated by org.testng.reporters.JUnitReportReporter -->
<testsuite hostname="AkshayP" failures="0" tests="1" name="smsc_demo.smscreact" time="0.268" errors="0" timestamp="2024-09-24T17:20:50 IST" skipped="0">
  <testcase classname="smsc_demo.smscreact" name="mis_report" time="0.268"/>
</testsuite> <!-- smsc_demo.smscreact -->
