<?xml version="1.0" encoding="UTF-8"?>
<!-- Generated by org.testng.reporters.JUnitReportReporter -->
<testsuite hostname="AkshayP" failures="0" tests="1" name="wmc.assign" time="25.888" errors="0" timestamp="2025-04-02T15:45:44 IST" skipped="0">
  <testcase classname="wmc.assign" name="idid" time="25.888"/>
</testsuite> <!-- wmc.assign -->
