<?xml version="1.0" encoding="UTF-8"?>
<!-- Generated by org.testng.reporters.JUnitReportReporter -->
<testsuite hostname="AkshayP" failures="0" tests="1" name="SMSC.BMPPortal_automation" time="40.302" errors="0" timestamp="2023-12-29T12:35:19 IST" skipped="0">
  <testcase classname="SMSC.BMPPortal_automation" name="SMS_configuation_listmgmt_cannedmsg" time="40.302"/>
</testsuite> <!-- SMSC.BMPPortal_automation -->
