<?xml version="1.0" encoding="UTF-8"?>
<!-- Generated by org.testng.reporters.JUnitReportReporter -->
<testsuite hostname="AkshayP" failures="0" tests="16" name="SMSC.system_config" time="243.198" errors="0" timestamp="2024-12-12T16:55:17 IST" skipped="4">
  <testcase classname="SMSC.system_config" name="deleteExistingBarringsource" time="15.539"/>
  <testcase classname="SMSC.system_config" name="addNewBarringsource" time="29.997"/>
  <testcase classname="SMSC.system_config" name="deleteExistingdestinationsource" time="13.060"/>
  <testcase classname="SMSC.system_config" name="addNewBarringdestinationsource" time="22.585"/>
  <testcase classname="SMSC.system_config" name="deleteExistingBarringAppsource" time="20.700"/>
  <testcase classname="SMSC.system_config" name="addNewBarringAppsource" time="32.760"/>
  <testcase classname="SMSC.system_config" name="existingDeletionAppdestination" time="19.034"/>
  <testcase classname="SMSC.system_config" name="additionAppdestination" time="33.132"/>
  <testcase classname="SMSC.system_config" name="deleteExistingRedirectrulesourcesystemwise" time="8.846"/>
  <testcase classname="SMSC.system_config" name="addRedirectionrulesourcesystemwise" time="17.009"/>
  <testcase classname="SMSC.system_config" name="existingDeletion" time="11.245"/>
  <testcase classname="SMSC.system_config" name="redirectionAddition" time="19.291"/>
  <testcase classname="SMSC.system_config" name="chargingexistingDeletionsource">
    <skipped/>
  </testcase> <!-- chargingexistingDeletionsource -->
  <testcase classname="SMSC.system_config" name="Additionofchargingrulesourcewise">
    <skipped/>
  </testcase> <!-- Additionofchargingrulesourcewise -->
  <testcase classname="SMSC.system_config" name="AddNewchargingruledestination">
    <skipped/>
  </testcase> <!-- AddNewchargingruledestination -->
  <testcase classname="SMSC.system_config" name="deletingexistingchargingruledestination">
    <skipped/>
  </testcase> <!-- deletingexistingchargingruledestination -->
</testsuite> <!-- SMSC.system_config -->
